<?xml version="1.0" encoding="UTF-8"?>
<testng-results ignored="0" total="7" passed="6" failed="1" skipped="0">
  <reporter-output>
  </reporter-output>
  <suite started-at="2025-07-31T14:42:15 IST" name="Default suite" finished-at="2025-07-31T14:42:41 IST" duration-ms="25509">
    <groups>
    </groups>
    <test started-at="2025-07-31T14:42:15 IST" name="Default test" finished-at="2025-07-31T14:42:41 IST" duration-ms="25509">
      <class name="saucedemo.practice.login">
        <test-method is-config="true" signature="setup()[pri:0, instance:saucedemo.practice.login@5032714f]" started-at="2025-07-31T14:42:15 IST" name="setup" finished-at="2025-07-31T14:42:15 IST" duration-ms="7" status="PASS">
          <reporter-output>
          </reporter-output>
        </test-method> <!-- setup -->
        <test-method is-config="true" signature="beforeMethod()[pri:0, instance:saucedemo.practice.login@5032714f]" started-at="2025-07-31T14:42:15 IST" name="beforeMethod" finished-at="2025-07-31T14:42:18 IST" duration-ms="2961" status="PASS">
          <reporter-output>
          </reporter-output>
        </test-method> <!-- beforeMethod -->
        <test-method signature="openSauceDemo()[pri:0, instance:saucedemo.practice.login@5032714f]" started-at="2025-07-31T14:42:18 IST" name="openSauceDemo" finished-at="2025-07-31T14:42:18 IST" duration-ms="4" status="PASS">
          <reporter-output>
          </reporter-output>
        </test-method> <!-- openSauceDemo -->
        <test-method is-config="true" signature="afterMethod()[pri:0, instance:saucedemo.practice.login@5032714f]" started-at="2025-07-31T14:42:18 IST" name="afterMethod" finished-at="2025-07-31T14:42:18 IST" duration-ms="207" status="PASS">
          <reporter-output>
          </reporter-output>
        </test-method> <!-- afterMethod -->
        <test-method is-config="true" signature="beforeMethod()[pri:0, instance:saucedemo.practice.login@5032714f]" started-at="2025-07-31T14:42:18 IST" name="beforeMethod" finished-at="2025-07-31T14:42:20 IST" duration-ms="2091" status="PASS">
          <reporter-output>
          </reporter-output>
        </test-method> <!-- beforeMethod -->
        <test-method signature="testItemAddCart()[pri:0, instance:saucedemo.practice.login@5032714f]" started-at="2025-07-31T14:42:20 IST" name="testItemAddCart" finished-at="2025-07-31T14:42:21 IST" duration-ms="303" status="PASS">
          <reporter-output>
          </reporter-output>
        </test-method> <!-- testItemAddCart -->
        <test-method is-config="true" signature="afterMethod()[pri:0, instance:saucedemo.practice.login@5032714f]" started-at="2025-07-31T14:42:21 IST" name="afterMethod" finished-at="2025-07-31T14:42:21 IST" duration-ms="180" status="PASS">
          <reporter-output>
          </reporter-output>
        </test-method> <!-- afterMethod -->
        <test-method is-config="true" signature="beforeMethod()[pri:0, instance:saucedemo.practice.login@5032714f]" started-at="2025-07-31T14:42:21 IST" name="beforeMethod" finished-at="2025-07-31T14:42:25 IST" duration-ms="3727" status="PASS">
          <reporter-output>
          </reporter-output>
        </test-method> <!-- beforeMethod -->
        <test-method signature="testLogout()[pri:0, instance:saucedemo.practice.login@5032714f]" started-at="2025-07-31T14:42:25 IST" name="testLogout" finished-at="2025-07-31T14:42:26 IST" duration-ms="946" status="FAIL">
          <exception class="java.lang.AssertionError">
            <message>
              <![CDATA[expected [https://www.saucedemo.com/] but found [https://www.saucedemo.com/inventory.html]]]>
            </message>
            <full-stacktrace>
              <![CDATA[java.lang.AssertionError: expected [https://www.saucedemo.com/] but found [https://www.saucedemo.com/inventory.html]
at org.testng.Assert.fail(Assert.java:111)
at org.testng.Assert.failNotEquals(Assert.java:1578)
at org.testng.Assert.assertEqualsImpl(Assert.java:150)
at org.testng.Assert.assertEquals(Assert.java:132)
at org.testng.Assert.assertEquals(Assert.java:656)
at org.testng.Assert.assertEquals(Assert.java:666)
at saucedemo.practice.login.testLogout(login.java:85)
at java.base/jdk.internal.reflect.DirectMethodHandleAccessor.invoke(DirectMethodHandleAccessor.java:103)
at java.base/java.lang.reflect.Method.invoke(Method.java:580)
at org.testng.internal.invokers.MethodInvocationHelper.invokeMethod(MethodInvocationHelper.java:139)
at org.testng.internal.invokers.TestInvoker.invokeMethod(TestInvoker.java:664)
at org.testng.internal.invokers.TestInvoker.invokeTestMethod(TestInvoker.java:228)
at org.testng.internal.invokers.MethodRunner.runInSequence(MethodRunner.java:63)
at org.testng.internal.invokers.TestInvoker$MethodInvocationAgent.invoke(TestInvoker.java:961)
at org.testng.internal.invokers.TestInvoker.invokeTestMethods(TestInvoker.java:201)
at org.testng.internal.invokers.TestMethodWorker.invokeTestMethods(TestMethodWorker.java:148)
at org.testng.internal.invokers.TestMethodWorker.run(TestMethodWorker.java:128)
at java.base/java.util.ArrayList.forEach(ArrayList.java:1596)
at org.testng.TestRunner.privateRun(TestRunner.java:819)
at org.testng.TestRunner.run(TestRunner.java:619)
at org.testng.SuiteRunner.runTest(SuiteRunner.java:443)
at org.testng.SuiteRunner.runSequentially(SuiteRunner.java:437)
at org.testng.SuiteRunner.privateRun(SuiteRunner.java:397)
at org.testng.SuiteRunner.run(SuiteRunner.java:336)
at org.testng.SuiteRunnerWorker.runSuite(SuiteRunnerWorker.java:52)
at org.testng.SuiteRunnerWorker.run(SuiteRunnerWorker.java:95)
at org.testng.TestNG.runSuitesSequentially(TestNG.java:1301)
at org.testng.TestNG.runSuitesLocally(TestNG.java:1228)
at org.testng.TestNG.runSuites(TestNG.java:1134)
at org.testng.TestNG.run(TestNG.java:1101)
at org.testng.remote.AbstractRemoteTestNG.run(AbstractRemoteTestNG.java:115)
at org.testng.remote.RemoteTestNG.initAndRun(RemoteTestNG.java:293)
at org.testng.remote.RemoteTestNG.main(RemoteTestNG.java:91)
]]>
            </full-stacktrace>
          </exception> <!-- java.lang.AssertionError -->
          <reporter-output>
          </reporter-output>
        </test-method> <!-- testLogout -->
        <test-method is-config="true" signature="afterMethod()[pri:0, instance:saucedemo.practice.login@5032714f]" started-at="2025-07-31T14:42:26 IST" name="afterMethod" finished-at="2025-07-31T14:42:26 IST" duration-ms="202" status="PASS">
          <reporter-output>
          </reporter-output>
        </test-method> <!-- afterMethod -->
        <test-method is-config="true" signature="beforeMethod()[pri:0, instance:saucedemo.practice.login@5032714f]" started-at="2025-07-31T14:42:26 IST" name="beforeMethod" finished-at="2025-07-31T14:42:28 IST" duration-ms="2023" status="PASS">
          <reporter-output>
          </reporter-output>
        </test-method> <!-- beforeMethod -->
        <test-method signature="testMultipleData(java.lang.String,java.lang.String)[pri:0, instance:saucedemo.practice.login@5032714f]" started-at="2025-07-31T14:42:28 IST" name="testMultipleData" data-provider="loginUsers" finished-at="2025-07-31T14:42:28 IST" duration-ms="232" status="PASS">
          <params>
            <param index="0">
              <value>
                <![CDATA[standard_user]]>
              </value>
            </param>
            <param index="1">
              <value>
                <![CDATA[secret_sauce]]>
              </value>
            </param>
          </params>
          <reporter-output>
          </reporter-output>
        </test-method> <!-- testMultipleData -->
        <test-method is-config="true" signature="afterMethod()[pri:0, instance:saucedemo.practice.login@5032714f]" started-at="2025-07-31T14:42:28 IST" name="afterMethod" finished-at="2025-07-31T14:42:28 IST" duration-ms="195" status="PASS">
          <reporter-output>
          </reporter-output>
        </test-method> <!-- afterMethod -->
        <test-method is-config="true" signature="beforeMethod()[pri:0, instance:saucedemo.practice.login@5032714f]" started-at="2025-07-31T14:42:28 IST" name="beforeMethod" finished-at="2025-07-31T14:42:30 IST" duration-ms="1795" status="PASS">
          <reporter-output>
          </reporter-output>
        </test-method> <!-- beforeMethod -->
        <test-method signature="testMultipleData(java.lang.String,java.lang.String)[pri:0, instance:saucedemo.practice.login@5032714f]" started-at="2025-07-31T14:42:30 IST" name="testMultipleData" data-provider="loginUsers" finished-at="2025-07-31T14:42:30 IST" duration-ms="230" status="PASS">
          <params>
            <param index="0">
              <value>
                <![CDATA[problem_user]]>
              </value>
            </param>
            <param index="1">
              <value>
                <![CDATA[secret_sauce]]>
              </value>
            </param>
          </params>
          <reporter-output>
          </reporter-output>
        </test-method> <!-- testMultipleData -->
        <test-method is-config="true" signature="afterMethod()[pri:0, instance:saucedemo.practice.login@5032714f]" started-at="2025-07-31T14:42:30 IST" name="afterMethod" finished-at="2025-07-31T14:42:30 IST" duration-ms="213" status="PASS">
          <reporter-output>
          </reporter-output>
        </test-method> <!-- afterMethod -->
        <test-method is-config="true" signature="beforeMethod()[pri:0, instance:saucedemo.practice.login@5032714f]" started-at="2025-07-31T14:42:30 IST" name="beforeMethod" finished-at="2025-07-31T14:42:32 IST" duration-ms="1828" status="PASS">
          <reporter-output>
          </reporter-output>
        </test-method> <!-- beforeMethod -->
        <test-method signature="testMultipleData(java.lang.String,java.lang.String)[pri:0, instance:saucedemo.practice.login@5032714f]" started-at="2025-07-31T14:42:32 IST" name="testMultipleData" data-provider="loginUsers" finished-at="2025-07-31T14:42:38 IST" duration-ms="5314" status="PASS">
          <params>
            <param index="0">
              <value>
                <![CDATA[performance_glitch_user]]>
              </value>
            </param>
            <param index="1">
              <value>
                <![CDATA[secret_sauce]]>
              </value>
            </param>
          </params>
          <reporter-output>
          </reporter-output>
        </test-method> <!-- testMultipleData -->
        <test-method is-config="true" signature="afterMethod()[pri:0, instance:saucedemo.practice.login@5032714f]" started-at="2025-07-31T14:42:38 IST" name="afterMethod" finished-at="2025-07-31T14:42:38 IST" duration-ms="214" status="PASS">
          <reporter-output>
          </reporter-output>
        </test-method> <!-- afterMethod -->
        <test-method is-config="true" signature="beforeMethod()[pri:0, instance:saucedemo.practice.login@5032714f]" started-at="2025-07-31T14:42:38 IST" name="beforeMethod" finished-at="2025-07-31T14:42:40 IST" duration-ms="2298" status="PASS">
          <reporter-output>
          </reporter-output>
        </test-method> <!-- beforeMethod -->
        <test-method signature="testValidLogin(java.lang.String,java.lang.String)[pri:0, instance:saucedemo.practice.login@5032714f]" started-at="2025-07-31T14:42:40 IST" name="testValidLogin" finished-at="2025-07-31T14:42:40 IST" duration-ms="246" status="PASS">
          <params>
            <param index="0">
              <value>
                <![CDATA[standard_user]]>
              </value>
            </param>
            <param index="1">
              <value>
                <![CDATA[secret_sauce]]>
              </value>
            </param>
          </params>
          <reporter-output>
          </reporter-output>
        </test-method> <!-- testValidLogin -->
        <test-method is-config="true" signature="afterMethod()[pri:0, instance:saucedemo.practice.login@5032714f]" started-at="2025-07-31T14:42:40 IST" name="afterMethod" finished-at="2025-07-31T14:42:41 IST" duration-ms="234" status="PASS">
          <reporter-output>
          </reporter-output>
        </test-method> <!-- afterMethod -->
        <test-method is-config="true" signature="tearDown()[pri:0, instance:saucedemo.practice.login@5032714f]" started-at="2025-07-31T14:42:41 IST" name="tearDown" finished-at="2025-07-31T14:42:41 IST" duration-ms="1" status="PASS">
          <reporter-output>
          </reporter-output>
        </test-method> <!-- tearDown -->
      </class> <!-- saucedemo.practice.login -->
    </test> <!-- Default test -->
  </suite> <!-- Default suite -->
</testng-results>
